<?xml version="1.0" encoding="UTF-8"?>
<!-- Generated by org.testng.reporters.JUnitReportReporter -->
<testsuite name="com.GIveIndia.Assessment.Test.TC02_ScreenshotOfElementProperties" tests="1" time="1.878" ignored="0" failures="0" timestamp="14 Sep 2019 09:13:33 GMT" skipped="0" hostname="WHIPPEDGIRL" errors="1">
  <testcase name="capturingElementProperties" time="1.878" classname="com.GIveIndia.Assessment.Test.TC02_ScreenshotOfElementProperties">
    <error type="java.awt.image.RasterFormatException" message="(x + width) is outside of Raster">
      <![CDATA[java.awt.image.RasterFormatException: (x + width) is outside of Raster
	at sun.awt.image.ByteInterleavedRaster.createWritableChild(Unknown Source)
	at java.awt.image.BufferedImage.getSubimage(Unknown Source)
	at com.GIveIndia.Assessment.Libraries.TakingScreenhshot.takeSnapShot(TakingScreenhshot.java:36)
	at com.GIveIndia.Assessment.Test.TC02_ScreenshotOfElementProperties.capturingElementProperties(TC02_ScreenshotOfElementProperties.java:19)
	at sun.reflect.NativeMethodAccessorImpl.invoke0(Native Method)
	at sun.reflect.NativeMethodAccessorImpl.invoke(Unknown Source)
	at sun.reflect.DelegatingMethodAccessorImpl.invoke(Unknown Source)
	at java.lang.reflect.Method.invoke(Unknown Source)
	at org.testng.internal.MethodInvocationHelper.invokeMethod(MethodInvocationHelper.java:104)
	at org.testng.internal.Invoker.invokeMethod(Invoker.java:645)
	at org.testng.internal.Invoker.invokeTestMethod(Invoker.java:851)
	at org.testng.internal.Invoker.invokeTestMethods(Invoker.java:1177)
	at org.testng.internal.TestMethodWorker.invokeTestMethods(TestMethodWorker.java:129)
	at org.testng.internal.TestMethodWorker.run(TestMethodWorker.java:112)
	at org.testng.TestRunner.privateRun(TestRunner.java:756)
	at org.testng.TestRunner.run(TestRunner.java:610)
	at org.testng.SuiteRunner.runTest(SuiteRunner.java:387)
	at org.testng.SuiteRunner.runSequentially(SuiteRunner.java:382)
	at org.testng.SuiteRunner.privateRun(SuiteRunner.java:340)
	at org.testng.SuiteRunner.run(SuiteRunner.java:289)
	at org.testng.SuiteRunnerWorker.runSuite(SuiteRunnerWorker.java:52)
	at org.testng.SuiteRunnerWorker.run(SuiteRunnerWorker.java:86)
	at org.testng.TestNG.runSuitesSequentially(TestNG.java:1293)
	at org.testng.TestNG.runSuitesLocally(TestNG.java:1218)
	at org.testng.TestNG.runSuites(TestNG.java:1133)
	at org.testng.TestNG.run(TestNG.java:1104)
	at org.testng.remote.AbstractRemoteTestNG.run(AbstractRemoteTestNG.java:132)
	at org.testng.remote.RemoteTestNG.initAndRun(RemoteTestNG.java:236)
	at org.testng.remote.RemoteTestNG.main(RemoteTestNG.java:81)
]]>
    </error>
  </testcase> <!-- capturingElementProperties -->
</testsuite> <!-- com.GIveIndia.Assessment.Test.TC02_ScreenshotOfElementProperties -->
